<?xml version="1.0" encoding="UTF-8"?>
<testng-results ignored="0" total="1" passed="1" failed="0" skipped="0">
  <reporter-output>
  </reporter-output>
  <suite started-at="2023-07-02T15:17:20Z" name="Suite" finished-at="2023-07-02T15:18:01Z" duration-ms="40697">
    <groups>
    </groups>
    <test started-at="2023-07-02T15:17:20Z" name="Test" finished-at="2023-07-02T15:18:01Z" duration-ms="40697">
      <class name="testcases.HomePageTest">
        <test-method signature="ValidateHomePage()[pri:0, instance:testcases.HomePageTest@3b74ac8]" started-at="2023-07-02T15:17:20Z" name="ValidateHomePage" finished-at="2023-07-02T15:17:56Z" duration-ms="35821" status="PASS">
          <reporter-output>
          </reporter-output>
        </test-method> <!-- ValidateHomePage -->
        <test-method is-config="true" signature="AfterTest()[pri:0, instance:testcases.HomePageTest@3b74ac8]" started-at="2023-07-02T15:17:56Z" name="AfterTest" finished-at="2023-07-02T15:18:01Z" duration-ms="4818" status="PASS">
          <reporter-output>
          </reporter-output>
        </test-method> <!-- AfterTest -->
      </class> <!-- testcases.HomePageTest -->
    </test> <!-- Test -->
  </suite> <!-- Suite -->
</testng-results>
